<?xml version="1.0" encoding="UTF-8"?>
<!-- Generated by org.testng.reporters.JUnitXMLReporter -->
<testsuite ignored="2" hostname="DESKTOP-68JSISN" failures="1" tests="8" name="Default test" time="105.73" errors="0" timestamp="2021-08-23T13:21:36 IST">
  <testcase classname="com.qa.tests.NewUserRegistrationTest" name="verifyRegisterAccountWithInvalidEmailFormat" time="16.491"/>
  <testcase classname="com.qa.tests.NewUserRegistrationTest" name="verifyMismatchedConfirmPasswordRegisteration" time="14.374"/>
  <testcase classname="com.qa.tests.NewUserRegistrationTest" name="verifyRegisterAccountWihtoutFillingData" time="1.176"/>
  <testcase classname="com.qa.tests.NewUserRegistrationTest" name="verifyRegisterAccountFieldWithSpaceCharacter" time="14.749">
    <failure type="java.lang.AssertionError" message="Expected error messages not shown expected [true] but found [false]">
      <![CDATA[java.lang.AssertionError: Expected error messages not shown expected [true] but found [false]
at org.testng.Assert.fail(Assert.java:99)
at org.testng.Assert.failNotEquals(Assert.java:1037)
at org.testng.Assert.assertTrue(Assert.java:45)
at com.adactin.pom.NewUserRegistrationPage.verifyErrorMessagesforSpaceAcceptance(NewUserRegistrationPage.java:230)
at com.qa.tests.NewUserRegistrationTest.verifyRegisterAccountFieldWithSpaceCharacter(NewUserRegistrationTest.java:104)
at java.base/jdk.internal.reflect.NativeMethodAccessorImpl.invoke0(Native Method)
at java.base/jdk.internal.reflect.NativeMethodAccessorImpl.invoke(NativeMethodAccessorImpl.java:64)
at java.base/jdk.internal.reflect.DelegatingMethodAccessorImpl.invoke(DelegatingMethodAccessorImpl.java:43)
at java.base/java.lang.reflect.Method.invoke(Method.java:564)
at org.testng.internal.MethodInvocationHelper.invokeMethod(MethodInvocationHelper.java:133)
at org.testng.internal.TestInvoker.invokeMethod(TestInvoker.java:598)
at org.testng.internal.TestInvoker.invokeTestMethod(TestInvoker.java:173)
at org.testng.internal.MethodRunner.runInSequence(MethodRunner.java:46)
at org.testng.internal.TestInvoker$MethodInvocationAgent.invoke(TestInvoker.java:824)
at org.testng.internal.TestInvoker.invokeTestMethods(TestInvoker.java:146)
at org.testng.internal.TestMethodWorker.invokeTestMethods(TestMethodWorker.java:146)
at org.testng.internal.TestMethodWorker.run(TestMethodWorker.java:128)
at java.base/java.util.ArrayList.forEach(ArrayList.java:1511)
at org.testng.TestRunner.privateRun(TestRunner.java:794)
at org.testng.TestRunner.run(TestRunner.java:596)
at org.testng.SuiteRunner.runTest(SuiteRunner.java:377)
at org.testng.SuiteRunner.runSequentially(SuiteRunner.java:371)
at org.testng.SuiteRunner.privateRun(SuiteRunner.java:332)
at org.testng.SuiteRunner.run(SuiteRunner.java:276)
at org.testng.SuiteRunnerWorker.runSuite(SuiteRunnerWorker.java:53)
at org.testng.SuiteRunnerWorker.run(SuiteRunnerWorker.java:96)
at org.testng.TestNG.runSuitesSequentially(TestNG.java:1212)
at org.testng.TestNG.runSuitesLocally(TestNG.java:1134)
at org.testng.TestNG.runSuites(TestNG.java:1063)
at org.testng.TestNG.run(TestNG.java:1031)
at org.testng.remote.AbstractRemoteTestNG.run(AbstractRemoteTestNG.java:115)
at org.testng.remote.RemoteTestNG.initAndRun(RemoteTestNG.java:251)
at org.testng.remote.RemoteTestNG.main(RemoteTestNG.java:77)
]]>
    </failure>
  </testcase> <!-- verifyRegisterAccountFieldWithSpaceCharacter -->
  <testcase classname="com.qa.tests.NewUserRegistrationTest" name="verifyPageTitle" time="0.665"/>
  <testcase classname="com.qa.tests.NewUserRegistrationTest" name="verifyResetButtonTask" time="14.37"/>
  <testcase classname="com.qa.tests.NewUserRegistrationTest" name="verifyMinCharLimitofUsername" time="1.15"/>
  <testcase classname="com.qa.tests.NewUserRegistrationTest" name="verifyMinCharLimitofUsername" time="1.03"/>
  <testcase classname="com.qa.tests.NewUserRegistrationTest" name="verifyRegisterAccountWithInvalidCaptchaText" time="0.0">
    <ignored/>
  </testcase> <!-- verifyRegisterAccountWithInvalidCaptchaText -->
  <testcase classname="com.qa.tests.NewUserRegistrationTest" name="verifyRegisterAccountWithValidData" time="0.0">
    <ignored/>
  </testcase> <!-- verifyRegisterAccountWithValidData -->
</testsuite> <!-- Default test -->
