<?xml version="1.0" encoding="UTF-8"?>
<testng-results ignored="2" total="10" passed="7" failed="1" skipped="0">
  <reporter-output>
  </reporter-output>
  <suite started-at="2021-08-23T13:19:50 IST" name="Default suite" finished-at="2021-08-23T13:21:36 IST" duration-ms="105730">
    <groups>
    </groups>
    <test started-at="2021-08-23T13:19:50 IST" name="Default test" finished-at="2021-08-23T13:21:36 IST" duration-ms="105730">
      <class name="com.qa.tests.NewUserRegistrationTest">
        <test-method is-config="true" signature="init()[pri:0, instance:com.qa.tests.NewUserRegistrationTest@673fdbce]" started-at="2021-08-23T13:19:50 IST" name="init" finished-at="2021-08-23T13:19:52 IST" duration-ms="2363" status="PASS">
          <reporter-output>
          </reporter-output>
        </test-method> <!-- init -->
        <test-method is-config="true" signature="setUp()[pri:0, instance:com.qa.tests.NewUserRegistrationTest@673fdbce]" started-at="2021-08-23T13:19:53 IST" name="setUp" finished-at="2021-08-23T13:19:57 IST" duration-ms="4392" status="PASS">
          <reporter-output>
          </reporter-output>
        </test-method> <!-- setUp -->
        <test-method is-config="true" signature="setURL()[pri:0, instance:com.qa.tests.NewUserRegistrationTest@673fdbce]" started-at="2021-08-23T13:19:57 IST" name="setURL" finished-at="2021-08-23T13:20:22 IST" duration-ms="25367" status="PASS">
          <reporter-output>
          </reporter-output>
        </test-method> <!-- setURL -->
        <test-method signature="verifyRegisterAccountWithInvalidEmailFormat()[pri:3, instance:com.qa.tests.NewUserRegistrationTest@673fdbce]" started-at="2021-08-23T13:20:22 IST" name="verifyRegisterAccountWithInvalidEmailFormat" finished-at="2021-08-23T13:20:39 IST" duration-ms="16491" status="PASS">
          <reporter-output>
          </reporter-output>
        </test-method> <!-- verifyRegisterAccountWithInvalidEmailFormat -->
        <test-method is-config="true" signature="setURL()[pri:0, instance:com.qa.tests.NewUserRegistrationTest@673fdbce]" started-at="2021-08-23T13:20:39 IST" name="setURL" finished-at="2021-08-23T13:20:40 IST" duration-ms="1071" status="PASS">
          <reporter-output>
          </reporter-output>
        </test-method> <!-- setURL -->
        <test-method signature="verifyMismatchedConfirmPasswordRegisteration()[pri:5, instance:com.qa.tests.NewUserRegistrationTest@673fdbce]" started-at="2021-08-23T13:20:40 IST" name="verifyMismatchedConfirmPasswordRegisteration" finished-at="2021-08-23T13:20:54 IST" duration-ms="14374" status="PASS">
          <reporter-output>
          </reporter-output>
        </test-method> <!-- verifyMismatchedConfirmPasswordRegisteration -->
        <test-method is-config="true" signature="setURL()[pri:0, instance:com.qa.tests.NewUserRegistrationTest@673fdbce]" started-at="2021-08-23T13:20:54 IST" name="setURL" finished-at="2021-08-23T13:20:55 IST" duration-ms="1166" status="PASS">
          <reporter-output>
          </reporter-output>
        </test-method> <!-- setURL -->
        <test-method signature="verifyRegisterAccountWihtoutFillingData()[pri:6, instance:com.qa.tests.NewUserRegistrationTest@673fdbce]" started-at="2021-08-23T13:20:55 IST" name="verifyRegisterAccountWihtoutFillingData" finished-at="2021-08-23T13:20:57 IST" duration-ms="1176" status="PASS">
          <reporter-output>
          </reporter-output>
        </test-method> <!-- verifyRegisterAccountWihtoutFillingData -->
        <test-method is-config="true" signature="setURL()[pri:0, instance:com.qa.tests.NewUserRegistrationTest@673fdbce]" started-at="2021-08-23T13:20:57 IST" name="setURL" finished-at="2021-08-23T13:20:57 IST" duration-ms="700" status="PASS">
          <reporter-output>
          </reporter-output>
        </test-method> <!-- setURL -->
        <test-method signature="verifyRegisterAccountFieldWithSpaceCharacter()[pri:7, instance:com.qa.tests.NewUserRegistrationTest@673fdbce]" started-at="2021-08-23T13:20:57 IST" name="verifyRegisterAccountFieldWithSpaceCharacter" finished-at="2021-08-23T13:21:12 IST" duration-ms="14749" status="FAIL">
          <exception class="java.lang.AssertionError">
            <message>
              <![CDATA[Expected error messages not shown expected [true] but found [false]]]>
            </message>
            <full-stacktrace>
              <![CDATA[java.lang.AssertionError: Expected error messages not shown expected [true] but found [false]
at org.testng.Assert.fail(Assert.java:99)
at org.testng.Assert.failNotEquals(Assert.java:1037)
at org.testng.Assert.assertTrue(Assert.java:45)
at com.adactin.pom.NewUserRegistrationPage.verifyErrorMessagesforSpaceAcceptance(NewUserRegistrationPage.java:230)
at com.qa.tests.NewUserRegistrationTest.verifyRegisterAccountFieldWithSpaceCharacter(NewUserRegistrationTest.java:104)
at java.base/jdk.internal.reflect.NativeMethodAccessorImpl.invoke0(Native Method)
at java.base/jdk.internal.reflect.NativeMethodAccessorImpl.invoke(NativeMethodAccessorImpl.java:64)
at java.base/jdk.internal.reflect.DelegatingMethodAccessorImpl.invoke(DelegatingMethodAccessorImpl.java:43)
at java.base/java.lang.reflect.Method.invoke(Method.java:564)
at org.testng.internal.MethodInvocationHelper.invokeMethod(MethodInvocationHelper.java:133)
at org.testng.internal.TestInvoker.invokeMethod(TestInvoker.java:598)
at org.testng.internal.TestInvoker.invokeTestMethod(TestInvoker.java:173)
at org.testng.internal.MethodRunner.runInSequence(MethodRunner.java:46)
at org.testng.internal.TestInvoker$MethodInvocationAgent.invoke(TestInvoker.java:824)
at org.testng.internal.TestInvoker.invokeTestMethods(TestInvoker.java:146)
at org.testng.internal.TestMethodWorker.invokeTestMethods(TestMethodWorker.java:146)
at org.testng.internal.TestMethodWorker.run(TestMethodWorker.java:128)
at java.base/java.util.ArrayList.forEach(ArrayList.java:1511)
at org.testng.TestRunner.privateRun(TestRunner.java:794)
at org.testng.TestRunner.run(TestRunner.java:596)
at org.testng.SuiteRunner.runTest(SuiteRunner.java:377)
at org.testng.SuiteRunner.runSequentially(SuiteRunner.java:371)
at org.testng.SuiteRunner.privateRun(SuiteRunner.java:332)
at org.testng.SuiteRunner.run(SuiteRunner.java:276)
at org.testng.SuiteRunnerWorker.runSuite(SuiteRunnerWorker.java:53)
at org.testng.SuiteRunnerWorker.run(SuiteRunnerWorker.java:96)
at org.testng.TestNG.runSuitesSequentially(TestNG.java:1212)
at org.testng.TestNG.runSuitesLocally(TestNG.java:1134)
at org.testng.TestNG.runSuites(TestNG.java:1063)
at org.testng.TestNG.run(TestNG.java:1031)
at org.testng.remote.AbstractRemoteTestNG.run(AbstractRemoteTestNG.java:115)
at org.testng.remote.RemoteTestNG.initAndRun(RemoteTestNG.java:251)
at org.testng.remote.RemoteTestNG.main(RemoteTestNG.java:77)
]]>
            </full-stacktrace>
          </exception> <!-- java.lang.AssertionError -->
          <reporter-output>
          </reporter-output>
        </test-method> <!-- verifyRegisterAccountFieldWithSpaceCharacter -->
        <test-method is-config="true" signature="setURL()[pri:0, instance:com.qa.tests.NewUserRegistrationTest@673fdbce]" started-at="2021-08-23T13:21:13 IST" name="setURL" finished-at="2021-08-23T13:21:14 IST" duration-ms="1351" status="PASS">
          <reporter-output>
          </reporter-output>
        </test-method> <!-- setURL -->
        <test-method signature="verifyPageTitle()[pri:8, instance:com.qa.tests.NewUserRegistrationTest@673fdbce]" started-at="2021-08-23T13:21:14 IST" name="verifyPageTitle" finished-at="2021-08-23T13:21:15 IST" duration-ms="665" status="PASS">
          <reporter-output>
          </reporter-output>
        </test-method> <!-- verifyPageTitle -->
        <test-method is-config="true" signature="setURL()[pri:0, instance:com.qa.tests.NewUserRegistrationTest@673fdbce]" started-at="2021-08-23T13:21:15 IST" name="setURL" finished-at="2021-08-23T13:21:16 IST" duration-ms="931" status="PASS">
          <reporter-output>
          </reporter-output>
        </test-method> <!-- setURL -->
        <test-method signature="verifyResetButtonTask()[pri:9, instance:com.qa.tests.NewUserRegistrationTest@673fdbce]" started-at="2021-08-23T13:21:16 IST" name="verifyResetButtonTask" finished-at="2021-08-23T13:21:30 IST" duration-ms="14370" status="PASS">
          <reporter-output>
          </reporter-output>
        </test-method> <!-- verifyResetButtonTask -->
        <test-method is-config="true" signature="setURL()[pri:0, instance:com.qa.tests.NewUserRegistrationTest@673fdbce]" started-at="2021-08-23T13:21:30 IST" name="setURL" finished-at="2021-08-23T13:21:31 IST" duration-ms="1086" status="PASS">
          <reporter-output>
          </reporter-output>
        </test-method> <!-- setURL -->
        <test-method signature="verifyMinCharLimitofUsername(java.lang.String,java.lang.String)[pri:10, instance:com.qa.tests.NewUserRegistrationTest@673fdbce]" started-at="2021-08-23T13:21:31 IST" name="verifyMinCharLimitofUsername" data-provider="testData" finished-at="2021-08-23T13:21:32 IST" duration-ms="1150" status="PASS">
          <params>
            <param index="0">
              <value>
                <![CDATA[Arundas]]>
              </value>
            </param>
            <param index="1">
              <value>
                <![CDATA[Arund]]>
              </value>
            </param>
          </params>
          <reporter-output>
          </reporter-output>
        </test-method> <!-- verifyMinCharLimitofUsername -->
        <test-method is-config="true" signature="setURL()[pri:0, instance:com.qa.tests.NewUserRegistrationTest@673fdbce]" started-at="2021-08-23T13:21:32 IST" name="setURL" finished-at="2021-08-23T13:21:34 IST" duration-ms="1368" status="PASS">
          <reporter-output>
          </reporter-output>
        </test-method> <!-- setURL -->
        <test-method signature="verifyMinCharLimitofUsername(java.lang.String,java.lang.String)[pri:10, instance:com.qa.tests.NewUserRegistrationTest@673fdbce]" started-at="2021-08-23T13:21:34 IST" name="verifyMinCharLimitofUsername" data-provider="testData" finished-at="2021-08-23T13:21:35 IST" duration-ms="1030" status="PASS">
          <params>
            <param index="0">
              <value>
                <![CDATA[Arunarun]]>
              </value>
            </param>
            <param index="1">
              <value>
                <![CDATA[Arund7]]>
              </value>
            </param>
          </params>
          <reporter-output>
          </reporter-output>
        </test-method> <!-- verifyMinCharLimitofUsername -->
        <test-method is-config="true" signature="tearDown()[pri:0, instance:com.qa.tests.NewUserRegistrationTest@673fdbce]" started-at="2021-08-23T13:21:35 IST" name="tearDown" finished-at="2021-08-23T13:21:36 IST" duration-ms="1192" status="PASS">
          <reporter-output>
          </reporter-output>
        </test-method> <!-- tearDown -->
      </class> <!-- com.qa.tests.NewUserRegistrationTest -->
    </test> <!-- Default test -->
  </suite> <!-- Default suite -->
</testng-results>
